<?xml version="1.0" encoding="UTF-8"?>
<!-- Generated by org.testng.reporters.JUnitReportReporter -->
<testsuite hostname="LAPTOP-RDBSBU79" failures="0" tests="1" name="testpackage.TestAdd_Emp_Licese" time="37.248" errors="0" timestamp="2024-09-09T15:53:58 IST" skipped="0">
  <testcase classname="testpackage.TestAdd_Emp_Licese" name="testemplicensedetails" time="37.248"/>
</testsuite> <!-- testpackage.TestAdd_Emp_Licese -->
