<?xml version="1.0" encoding="UTF-8"?>
<!-- Generated by org.testng.reporters.JUnitReportReporter -->
<testsuite hostname="LAPTOP-RDBSBU79" failures="0" tests="1" name="testpackage.TestAdd_work_experiance" time="155.992" errors="0" timestamp="2024-08-26T20:32:36 IST" skipped="0">
  <testcase classname="testpackage.TestAdd_work_experiance" name="testaddworkExperiance" time="155.992"/>
</testsuite> <!-- testpackage.TestAdd_work_experiance -->
