<?xml version="1.0" encoding="UTF-8"?>
<!-- Generated by org.testng.reporters.JUnitReportReporter -->
<testsuite hostname="LAPTOP-RDBSBU79" failures="0" tests="1" name="testpackage.TestAdd_Device_ProcessFiles" time="94.180" errors="0" timestamp="2024-09-09T15:42:43 IST" skipped="0">
  <testcase classname="testpackage.TestAdd_Device_ProcessFiles" name="testdeviceProcessFiles" time="94.180">
    <system-out>
      <![CDATA[*******Starting Tast Case**********
Dashboard :is a Actual Title of the Page]]>
    </system-out>
  </testcase> <!-- testdeviceProcessFiles -->
  <system-out>
    <![CDATA[*******Starting Tast Case**********
Dashboard :is a Actual Title of the Page]]>
  </system-out>
</testsuite> <!-- testpackage.TestAdd_Device_ProcessFiles -->
