<?xml version="1.0" encoding="UTF-8"?>
<!-- Generated by org.testng.reporters.JUnitReportReporter -->
<testsuite hostname="LAPTOP-RDBSBU79" failures="0" tests="1" name="testpackage.TestAdd_Holiday_Group" time="77.289" errors="0" timestamp="2024-09-09T16:07:52 IST" skipped="0">
  <testcase classname="testpackage.TestAdd_Holiday_Group" name="testaddholidaygroup" time="77.289"/>
</testsuite> <!-- testpackage.TestAdd_Holiday_Group -->
