<?xml version="1.0" encoding="UTF-8"?>
<!-- Generated by org.testng.reporters.JUnitReportReporter -->
<testsuite hostname="LAPTOP-RDBSBU79" failures="0" tests="1" name="testpackage.TestAdd_Nationality" time="78.703" errors="0" timestamp="2024-09-09T15:21:30 IST" skipped="0">
  <testcase classname="testpackage.TestAdd_Nationality" name="fillNationalityform" time="78.703">
    <system-out>
      <![CDATA[Dashboard]]>
    </system-out>
  </testcase> <!-- fillNationalityform -->
  <system-out>
    <![CDATA[Dashboard]]>
  </system-out>
</testsuite> <!-- testpackage.TestAdd_Nationality -->
