<?xml version="1.0" encoding="UTF-8"?>
<!-- Generated by org.testng.reporters.JUnitReportReporter -->
<testsuite hostname="LAPTOP-RDBSBU79" failures="0" tests="1" name="testpackage.TestAdd_Location" time="58.322" errors="0" timestamp="2024-08-26T20:29:26 IST" skipped="0">
  <testcase classname="testpackage.TestAdd_Location" name="testaddlocation" time="58.322"/>
</testsuite> <!-- testpackage.TestAdd_Location -->
